C:\P3TEST\NEW\PROCEDURAL\PROJECT3\DEBUG\AIMANAGER.OBJ
C:\P3TEST\NEW\PROCEDURAL\PROJECT3\DEBUG\CAMERA.OBJ
C:\P3TEST\NEW\PROCEDURAL\PROJECT3\DEBUG\INPUTHANDLER.OBJ
C:\P3TEST\NEW\PROCEDURAL\PROJECT3\DEBUG\LEVELGENERATOR.OBJ
C:\P3TEST\NEW\PROCEDURAL\PROJECT3\DEBUG\MAIN.OBJ
C:\P3TEST\NEW\PROCEDURAL\PROJECT3\DEBUG\MAINLISTENER.OBJ
C:\P3TEST\NEW\PROCEDURAL\PROJECT3\DEBUG\MAINMENU.OBJ
C:\P3TEST\NEW\PROCEDURAL\PROJECT3\DEBUG\MONSTER.OBJ
C:\P3TEST\NEW\PROCEDURAL\PROJECT3\DEBUG\OBB.OBJ
C:\P3TEST\NEW\PROCEDURAL\PROJECT3\DEBUG\PLAYER.OBJ
C:\P3TEST\NEW\PROCEDURAL\PROJECT3\DEBUG\PROJECT3.OBJ
C:\P3TEST\NEW\PROCEDURAL\PROJECT3\DEBUG\ROOM.OBJ
C:\P3TEST\NEW\PROCEDURAL\PROJECT3\DEBUG\WALL.OBJ
C:\P3TEST\NEW\PROCEDURAL\PROJECT3\DEBUG\WORLD.OBJ
C:\P3TEST\NEW\PROCEDURAL\PROJECT3\DEBUG\VC110.PDB
C:\P3TEST\NEW\PROCEDURAL\PROJECT3\DEBUG\FILEUTIL.OBJ
C:\P3TEST\NEW\PROCEDURAL\PROJECT3\DEBUG\SOUND.OBJ
C:\p3test\New\procedural\Project3\Debug\AIManager.obj
C:\p3test\New\procedural\Project3\Debug\Camera.obj
C:\p3test\New\procedural\Project3\Debug\FileUtil.obj
C:\p3test\New\procedural\Project3\Debug\InputHandler.obj
C:\p3test\New\procedural\Project3\Debug\LevelGenerator.obj
C:\p3test\New\procedural\Project3\Debug\main.obj
C:\p3test\New\procedural\Project3\Debug\MainListener.obj
C:\p3test\New\procedural\Project3\Debug\MainMenu.obj
C:\p3test\New\procedural\Project3\Debug\Monster.obj
C:\p3test\New\procedural\Project3\Debug\OBB.obj
C:\p3test\New\procedural\Project3\Debug\Player.obj
C:\p3test\New\procedural\Project3\Debug\Project3.obj
C:\p3test\New\procedural\Project3\Debug\Room.obj
C:\p3test\New\procedural\Project3\Debug\Sound.obj
C:\p3test\New\procedural\Project3\Debug\Wall.obj
C:\p3test\New\procedural\Project3\Debug\World.obj
C:\p3test\New\procedural\Project3\Debug\cl.command.1.tlog
C:\p3test\New\procedural\Project3\Debug\CL.read.1.tlog
C:\p3test\New\procedural\Project3\Debug\CL.write.1.tlog
C:\p3test\New\procedural\Project3\Debug\link-cvtres.read.1.tlog
C:\p3test\New\procedural\Project3\Debug\link-cvtres.write.1.tlog
C:\p3test\New\procedural\Project3\Debug\link-rc.read.1.tlog
C:\p3test\New\procedural\Project3\Debug\link-rc.write.1.tlog
C:\p3test\New\procedural\Project3\Debug\link.command.1.tlog
C:\p3test\New\procedural\Project3\Debug\link.read.1.tlog
C:\p3test\New\procedural\Project3\Debug\link.write.1.tlog
C:\p3test\New\procedural\Project3\Debug\vc110.idb
C:\p3test\New\procedural\Project3\Debug\vc110.pdb
C:\p3test\New\procedural\Debug\Project3.exe
C:\p3test\New\procedural\Debug\Project3.ilk
