Build started 5/18/2016 11:47:42 AM.
     1>Project "C:\Users\cdandina\Documents\01GAMES\procedural\Project3\Project3.vcxproj" on node 2 (Build target(s)).
     1>Link:
         Project3.vcxproj -> C:\Users\cdandina\Documents\01GAMES\procedural\Debug\Project3.exe
       PostBuildEvent:
         copy "C:\OgreSDK\OgreSDK_vc11_v1-9-0\bin\Debug\OgreMain_d.dll" "C:\Users\cdandina\Documents\01GAMES\procedural\Debug\"
         copy "C:\OgreSDK\OgreSDK_vc11_v1-9-0\bin\Debug\OgreOverlay_d.dll" "C:\Users\cdandina\Documents\01GAMES\procedural\Debug\"
         copy "C:\OgreSDK\OgreSDK_vc11_v1-9-0\bin\Debug\OIS_d.dll" "C:\Users\cdandina\Documents\01GAMES\procedural\Debug\"
         copy "C:\OgreSDK\OgreSDK_vc11_v1-9-0\bin\Debug\RenderSystem_Direct3D9_d.dll" "C:\Users\cdandina\Documents\01GAMES\procedural\Debug\"
         copy "C:\OgreSDK\OgreSDK_vc11_v1-9-0\bin\Debug\RenderSystem_Direct3D11_d.dll" "C:\Users\cdandina\Documents\01GAMES\procedural\Debug\"
         copy "C:\OgreSDK\OgreSDK_vc11_v1-9-0\bin\Debug\RenderSystem_GL_d.dll" "C:\Users\cdandina\Documents\01GAMES\procedural\Debug\"
         copy "C:\OgreSDK\OgreSDK_vc11_v1-9-0\bin\Debug\Plugin_OctreeZone_d.dll" "C:\Users\cdandina\Documents\01GAMES\procedural\Debug\"
         copy "C:\OgreSDK\OgreSDK_vc11_v1-9-0\bin\Debug\Plugin_OctreeSceneManager_d.dll" "C:\Users\cdandina\Documents\01GAMES\procedural\Debug\"
         copy "C:\OgreSDK\OgreSDK_vc11_v1-9-0\bin\Debug\Plugin_PCZSceneManager_d.dll" "C:\Users\cdandina\Documents\01GAMES\procedural\Debug\"
         copy "..\SDL2-2.0.3\lib\x86\SDL2.dll" "C:\Users\cdandina\Documents\01GAMES\procedural\Debug\"
         copy "..\SDL2_mixer-2.0.0\lib\x86\SDL2_mixer.dll" "C:\Users\cdandina\Documents\01GAMES\procedural\Debug\"
         copy "..\SDL2_mixer-2.0.0\lib\x86\libogg-0.dll" "C:\Users\cdandina\Documents\01GAMES\procedural\Debug\"
         copy "..\SDL2_mixer-2.0.0\lib\x86\libvorbis-0.dll" "C:\Users\cdandina\Documents\01GAMES\procedural\Debug\"
         copy "..\SDL2_mixer-2.0.0\lib\x86\libvorbisfile-3.dll" "C:\Users\cdandina\Documents\01GAMES\procedural\Debug\"
         
         copy plugins_d.cfg "C:\Users\cdandina\Documents\01GAMES\procedural\Debug\"
         copy resources_d.cfg "C:\Users\cdandina\Documents\01GAMES\procedural\Debug\"
         :VCEnd
                 1 file(s) copied.
                 1 file(s) copied.
                 1 file(s) copied.
                 1 file(s) copied.
                 1 file(s) copied.
                 1 file(s) copied.
                 1 file(s) copied.
                 1 file(s) copied.
                 1 file(s) copied.
         The system cannot find the path specified.
                 1 file(s) copied.
                 1 file(s) copied.
                 1 file(s) copied.
                 1 file(s) copied.
                 1 file(s) copied.
                 1 file(s) copied.
     1>Done Building Project "C:\Users\cdandina\Documents\01GAMES\procedural\Project3\Project3.vcxproj" (Build target(s)).

Build succeeded.

Time Elapsed 00:00:00.25
