17:18:45: Creating resource group General
17:18:45: Creating resource group Internal
17:18:45: Creating resource group Autodetect
17:18:45: SceneManagerFactory for type 'DefaultSceneManager' registered.
17:18:45: Registering ResourceManager for type Material
17:18:45: Registering ResourceManager for type Mesh
17:18:45: Registering ResourceManager for type Skeleton
17:18:45: MovableObjectFactory for type 'ParticleSystem' registered.
17:18:45: ArchiveFactory for archive type FileSystem registered.
17:18:45: ArchiveFactory for archive type Zip registered.
17:18:45: ArchiveFactory for archive type EmbeddedZip registered.
17:18:45: DDS codec registering
17:18:45: FreeImage version: 3.15.3
17:18:45: This program uses FreeImage, a free, open source image library supporting all common bitmap formats. See http://freeimage.sourceforge.net for details
17:18:45: Supported formats: bmp,ico,jpg,jif,jpeg,jpe,jng,koa,iff,lbm,mng,pbm,pbm,pcd,pcx,pgm,pgm,png,ppm,ppm,ras,tga,targa,tif,tiff,wap,wbmp,wbm,psd,cut,xbm,xpm,gif,hdr,g3,sgi,exr,j2k,j2c,jp2,pfm,pct,pict,pic,3fr,arw,bay,bmq,cap,cine,cr2,crw,cs1,dc2,dcr,drf,dsc,dng,erf,fff,ia,iiq,k25,kc2,kdc,mdc,mef,mos,mrw,nef,nrw,orf,pef,ptx,pxn,qtk,raf,raw,rdc,rw2,rwl,rwz,sr2,srf,srw,sti
17:18:45: Registering ResourceManager for type HighLevelGpuProgram
17:18:45: Registering ResourceManager for type Compositor
17:18:45: MovableObjectFactory for type 'Entity' registered.
17:18:45: MovableObjectFactory for type 'Light' registered.
17:18:45: MovableObjectFactory for type 'BillboardSet' registered.
17:18:45: MovableObjectFactory for type 'ManualObject' registered.
17:18:45: MovableObjectFactory for type 'BillboardChain' registered.
17:18:45: MovableObjectFactory for type 'RibbonTrail' registered.
17:18:45: Loading library .\RenderSystem_Direct3D9_d
17:18:46: Installing plugin: D3D9 RenderSystem
17:18:46: D3D9 : Direct3D9 Rendering Subsystem created.
17:18:46: D3D9: Driver Detection Starts
17:18:46: D3D9: Driver Detection Ends
17:18:46: Plugin successfully installed
17:18:46: Loading library .\RenderSystem_GL_d
17:18:46: Installing plugin: GL RenderSystem
17:18:46: OpenGL Rendering Subsystem created.
17:18:46: Plugin successfully installed
17:18:46: Loading library .\Plugin_PCZSceneManager_d
17:18:46: Installing plugin: Portal Connected Zone Scene Manager
17:18:46: PCZone Factory Type 'ZoneType_Default' registered
17:18:46: Plugin successfully installed
17:18:46: Loading library .\Plugin_OctreeZone_d
17:18:46: Installing plugin: Octree Zone Factory
17:18:46: Plugin successfully installed
17:18:46: Loading library .\Plugin_OctreeSceneManager_d
17:18:46: Installing plugin: Octree Scene Manager
17:18:46: Plugin successfully installed
17:18:46: *-*-* OGRE Initialising
17:18:46: *-*-* Version 1.9.0 (Ghadamon)
17:18:46: Added resource location '../OgrePong/Content/' of type 'FileSystem' to resource group 'General'
17:18:46: Added resource location '../OgrePong/Content//Models/' of type 'FileSystem' to resource group 'General'
17:18:46: Added resource location '../OgrePong/Content//Materials/' of type 'FileSystem' to resource group 'General'
17:18:46: Added resource location '../OgrePong/Content/Overlays/' of type 'FileSystem' to resource group 'General'
17:18:47: D3D9 : RenderSystem Option: Allow DirectX9Ex = No
17:18:47: D3D9 : RenderSystem Option: Allow NVPerfHUD = No
17:18:47: D3D9 : RenderSystem Option: FSAA = 0
17:18:47: D3D9 : RenderSystem Option: Fixed Pipeline Enabled = Yes
17:18:47: D3D9 : RenderSystem Option: Floating-point mode = Fastest
17:18:47: D3D9 : RenderSystem Option: Full Screen = No
17:18:47: D3D9 : RenderSystem Option: Multi device memory hint = Use minimum system memory
17:18:47: D3D9 : RenderSystem Option: Rendering Device = Monitor-1-Intel(R) HD Graphics 4000
17:18:47: D3D9 : RenderSystem Option: Resource Creation Policy = Create on all devices
17:18:47: D3D9 : RenderSystem Option: Use Multihead = Auto
17:18:47: D3D9 : RenderSystem Option: VSync = No
17:18:47: D3D9 : RenderSystem Option: VSync Interval = 1
17:18:47: D3D9 : RenderSystem Option: Video Mode = 800 x 600 @ 32-bit colour
17:18:47: D3D9 : RenderSystem Option: sRGB Gamma Conversion = No
17:18:48: CPU Identifier & Features
17:18:48: -------------------------
17:18:48:  *   CPU ID: GenuineIntel: Intel(R) Core(TM) i7-3610QM CPU @ 2.30GHz
17:18:48:  *      SSE: yes
17:18:48:  *     SSE2: yes
17:18:48:  *     SSE3: yes
17:18:48:  *      MMX: yes
17:18:48:  *   MMXEXT: yes
17:18:48:  *    3DNOW: no
17:18:48:  * 3DNOWEXT: no
17:18:48:  *     CMOV: yes
17:18:48:  *      TSC: yes
17:18:48:  *      FPU: yes
17:18:48:  *      PRO: yes
17:18:48:  *       HT: no
17:18:48: -------------------------
17:18:48: D3D9 : Subsystem Initialising
17:18:48: Registering ResourceManager for type Texture
17:18:48: Registering ResourceManager for type GpuProgram
17:18:48: D3D9RenderSystem::_createRenderWindow "OGRE Render Window", 800x600 windowed  miscParams: FSAA=0 FSAAHint= colourDepth=32 gamma=false monitorIndex=0 useNVPerfHUD=false vsync=false vsyncInterval=1 
17:18:48: D3D9 : Created D3D9 Rendering Window 'OGRE Render Window' : 800x600, 32bpp
17:18:48: D3D9 : WARNING - disabling VSync in windowed mode can cause timing issues at lower frame rates, turn VSync on if you observe this problem.
17:18:48: D3D9: Vertex texture format supported - PF_L8
17:18:48: D3D9: Vertex texture format supported - PF_L16
17:18:48: D3D9: Vertex texture format supported - PF_A8
17:18:48: D3D9: Vertex texture format supported - PF_A4L4
17:18:48: D3D9: Vertex texture format supported - PF_BYTE_LA
17:18:48: D3D9: Vertex texture format supported - PF_R5G6B5
17:18:48: D3D9: Vertex texture format supported - PF_B5G6R5
17:18:48: D3D9: Vertex texture format supported - PF_A4R4G4B4
17:18:48: D3D9: Vertex texture format supported - PF_A1R5G5B5
17:18:48: D3D9: Vertex texture format supported - PF_A8R8G8B8
17:18:48: D3D9: Vertex texture format supported - PF_B8G8R8A8
17:18:48: D3D9: Vertex texture format supported - PF_A2R10G10B10
17:18:48: D3D9: Vertex texture format supported - PF_A2B10G10R10
17:18:48: D3D9: Vertex texture format supported - PF_DXT1
17:18:48: D3D9: Vertex texture format supported - PF_DXT2
17:18:48: D3D9: Vertex texture format supported - PF_DXT3
17:18:48: D3D9: Vertex texture format supported - PF_DXT4
17:18:48: D3D9: Vertex texture format supported - PF_DXT5
17:18:48: D3D9: Vertex texture format supported - PF_FLOAT16_RGB
17:18:48: D3D9: Vertex texture format supported - PF_FLOAT16_RGBA
17:18:48: D3D9: Vertex texture format supported - PF_FLOAT32_RGB
17:18:48: D3D9: Vertex texture format supported - PF_FLOAT32_RGBA
17:18:48: D3D9: Vertex texture format supported - PF_X8R8G8B8
17:18:48: D3D9: Vertex texture format supported - PF_R8G8B8A8
17:18:48: D3D9: Vertex texture format supported - PF_DEPTH
17:18:48: D3D9: Vertex texture format supported - PF_SHORT_RGBA
17:18:48: D3D9: Vertex texture format supported - PF_FLOAT16_R
17:18:48: D3D9: Vertex texture format supported - PF_FLOAT32_R
17:18:48: D3D9: Vertex texture format supported - PF_SHORT_GR
17:18:48: D3D9: Vertex texture format supported - PF_FLOAT16_GR
17:18:48: D3D9: Vertex texture format supported - PF_FLOAT32_GR
17:18:48: D3D9: Vertex texture format supported - PF_SHORT_RGB
17:18:48: D3D9: Vertex texture format supported - PF_PVRTC_RGB2
17:18:48: D3D9: Vertex texture format supported - PF_PVRTC_RGBA2
17:18:48: D3D9: Vertex texture format supported - PF_PVRTC_RGB4
17:18:48: D3D9: Vertex texture format supported - PF_PVRTC_RGBA4
17:18:48: D3D9: Vertex texture format supported - PF_PVRTC2_2BPP
17:18:48: D3D9: Vertex texture format supported - PF_PVRTC2_4BPP
17:18:48: D3D9: Vertex texture format supported - PF_R11G11B10_FLOAT
17:18:48: D3D9: Vertex texture format supported - PF_R8_UINT
17:18:48: D3D9: Vertex texture format supported - PF_R8G8_UINT
17:18:48: D3D9: Vertex texture format supported - PF_R8G8B8_UINT
17:18:48: D3D9: Vertex texture format supported - PF_R8G8B8A8_UINT
17:18:48: D3D9: Vertex texture format supported - PF_R16_UINT
17:18:48: D3D9: Vertex texture format supported - PF_R16G16_UINT
17:18:48: D3D9: Vertex texture format supported - PF_R16G16B16_UINT
17:18:48: D3D9: Vertex texture format supported - PF_R16G16B16A16_UINT
17:18:48: D3D9: Vertex texture format supported - PF_R32_UINT
17:18:48: D3D9: Vertex texture format supported - PF_R32G32_UINT
17:18:48: D3D9: Vertex texture format supported - PF_R32G32B32_UINT
17:18:48: D3D9: Vertex texture format supported - PF_R32G32B32A32_UINT
17:18:48: D3D9: Vertex texture format supported - PF_R8_SINT
17:18:48: D3D9: Vertex texture format supported - PF_R8G8_SINT
17:18:48: D3D9: Vertex texture format supported - PF_R8G8B8_SINT
17:18:48: D3D9: Vertex texture format supported - PF_R8G8B8A8_SINT
17:18:48: D3D9: Vertex texture format supported - PF_R16_SINT
17:18:48: D3D9: Vertex texture format supported - PF_R16G16_SINT
17:18:48: D3D9: Vertex texture format supported - PF_R16G16B16_SINT
17:18:48: D3D9: Vertex texture format supported - PF_R16G16B16A16_SINT
17:18:48: D3D9: Vertex texture format supported - PF_R32_SINT
17:18:48: D3D9: Vertex texture format supported - PF_R32G32_SINT
17:18:48: D3D9: Vertex texture format supported - PF_R32G32B32_SINT
17:18:48: D3D9: Vertex texture format supported - PF_R32G32B32A32_SINT
17:18:48: D3D9: Vertex texture format supported - PF_R9G9B9E5_SHAREDEXP
17:18:48: D3D9: Vertex texture format supported - PF_BC4_UNORM
17:18:48: D3D9: Vertex texture format supported - PF_BC4_SNORM
17:18:48: D3D9: Vertex texture format supported - PF_BC5_UNORM
17:18:48: D3D9: Vertex texture format supported - PF_BC5_SNORM
17:18:48: D3D9: Vertex texture format supported - PF_BC6H_UF16
17:18:48: D3D9: Vertex texture format supported - PF_BC6H_SF16
17:18:48: D3D9: Vertex texture format supported - PF_BC7_UNORM
17:18:48: D3D9: Vertex texture format supported - PF_BC7_UNORM_SRGB
17:18:48: D3D9: Vertex texture format supported - PF_R8
17:18:48: D3D9: Vertex texture format supported - PF_RG8
17:18:48: D3D9: Vertex texture format supported - PF_R8_SNORM
17:18:48: D3D9: Vertex texture format supported - PF_R8G8_SNORM
17:18:48: D3D9: Vertex texture format supported - PF_R8G8B8_SNORM
17:18:48: D3D9: Vertex texture format supported - PF_R8G8B8A8_SNORM
17:18:48: D3D9: Vertex texture format supported - PF_R16_SNORM
17:18:48: D3D9: Vertex texture format supported - PF_R16G16_SNORM
17:18:48: D3D9: Vertex texture format supported - PF_R16G16B16_SNORM
17:18:48: D3D9: Vertex texture format supported - PF_R16G16B16A16_SNORM
17:18:48: D3D9: Vertex texture format supported - PF_ETC1_RGB8
17:18:48: D3D9: Vertex texture format supported - PF_ETC2_RGB8
17:18:48: D3D9: Vertex texture format supported - PF_ETC2_RGBA8
17:18:48: D3D9: Vertex texture format supported - PF_ETC2_RGB8A1
17:18:48: D3D9: Vertex texture format supported - PF_ATC_RGB
17:18:48: D3D9: Vertex texture format supported - PF_ATC_RGBA_EXPLICIT_ALPHA
17:18:48: D3D9: Vertex texture format supported - PF_ATC_RGBA_INTERPOLATED_ALPHA
17:18:48: RenderSystem capabilities
17:18:48: -------------------------
17:18:48: RenderSystem Name: Direct3D9 Rendering Subsystem
17:18:48: GPU Vendor: intel
17:18:48: Device Name: Monitor-1-Intel(R) HD Graphics 4000
17:18:48: Driver Version: 10.18.13.6175
17:18:48:  * Fixed function pipeline: yes
17:18:48:  * Hardware generation of mipmaps: yes
17:18:48:  * Texture blending: yes
17:18:48:  * Anisotropic texture filtering: yes
17:18:48:  * Dot product texture operation: yes
17:18:48:  * Cube mapping: yes
17:18:48:  * Hardware stencil buffer: yes
17:18:48:    - Stencil depth: 8
17:18:48:    - Two sided stencil support: yes
17:18:48:    - Wrap stencil values: yes
17:18:48:  * Hardware vertex / index buffers: yes
17:18:48:  * Vertex programs: yes
17:18:48:  * Number of floating-point constants for vertex programs: 256
17:18:48:  * Number of integer constants for vertex programs: 16
17:18:48:  * Number of boolean constants for vertex programs: 16
17:18:48:  * Fragment programs: yes
17:18:48:  * Number of floating-point constants for fragment programs: 224
17:18:48:  * Number of integer constants for fragment programs: 16
17:18:48:  * Number of boolean constants for fragment programs: 16
17:18:48:  * Geometry programs: no
17:18:48:  * Number of floating-point constants for geometry programs: 0
17:18:48:  * Number of integer constants for geometry programs: 0
17:18:48:  * Number of boolean constants for geometry programs: 0
17:18:48:  * Tesselation Hull programs: no
17:18:48:  * Number of floating-point constants for tesselation hull programs: 0
17:18:48:  * Number of integer constants for tesselation hull programs: 0
17:18:48:  * Number of boolean constants for tesselation hull programs: 0
17:18:48:  * Tesselation Domain programs: no
17:18:48:  * Number of floating-point constants for tesselation domain programs: 0
17:18:48:  * Number of integer constants for tesselation domain programs: 0
17:18:48:  * Number of boolean constants for tesselation domain programs: 0
17:18:48:  * Compute programs: no
17:18:48:  * Number of floating-point constants for compute programs: 0
17:18:48:  * Number of integer constants for compute programs: 0
17:18:48:  * Number of boolean constants for compute programs: 0
17:18:48:  * Supported Shader Profiles: hlsl ps_1_1 ps_1_2 ps_1_3 ps_1_4 ps_2_0 ps_2_a ps_2_b ps_2_x ps_3_0 vs_1_1 vs_2_0 vs_2_a vs_2_x vs_3_0
17:18:48:  * Texture Compression: yes
17:18:48:    - DXT: yes
17:18:48:    - VTC: no
17:18:48:    - PVRTC: no
17:18:48:    - ATC: no
17:18:48:    - ETC1: no
17:18:48:    - ETC2: no
17:18:48:    - BC4/BC5: no
17:18:48:    - BC6H/BC7: no
17:18:48:  * Scissor Rectangle: yes
17:18:48:  * Hardware Occlusion Query: yes
17:18:48:  * User clip planes: yes
17:18:48:  * VET_UBYTE4 vertex element type: yes
17:18:48:  * Infinite far plane projection: yes
17:18:48:  * Hardware render-to-texture: yes
17:18:48:  * Floating point textures: yes
17:18:48:  * Non-power-of-two textures: yes
17:18:48:  * 1d textures: yes
17:18:48:  * Volume textures: yes
17:18:48:  * Multiple Render Targets: 4
17:18:48:    - With different bit depths: yes
17:18:48:  * Point Sprites: yes
17:18:48:  * Extended point parameters: yes
17:18:48:  * Max Point Size: 256
17:18:48:  * Vertex texture fetch: yes
17:18:48:  * Number of world matrices: 0
17:18:48:  * Number of texture units: 8
17:18:48:  * Stencil buffer depth: 8
17:18:48:  * Number of vertex blend matrices: 0
17:18:48:    - Max vertex textures: 4
17:18:48:    - Vertex textures shared: no
17:18:48:  * Render to Vertex Buffer : no
17:18:48:  * Hardware Atomic Counters: no
17:18:48:  * DirectX per stage constants: yes
17:18:48: ***************************************
17:18:48: *** D3D9 : Subsystem Initialised OK ***
17:18:48: ***************************************
17:18:48: DefaultWorkQueue('Root') initialising on thread 17b84.
17:18:48: DefaultWorkQueue('Root')::WorkerFunc - thread 17fb8 starting.
17:18:48: DefaultWorkQueue('Root')::WorkerFunc - thread 12f4c starting.
17:18:48: DefaultWorkQueue('Root')::WorkerFunc - thread 111e0 starting.
17:18:48: DefaultWorkQueue('Root')::WorkerFunc - thread 143fc starting.
17:18:48: DefaultWorkQueue('Root')::WorkerFunc - thread ca10 starting.
17:18:48: DefaultWorkQueue('Root')::WorkerFunc - thread 17d2c starting.
17:18:48: DefaultWorkQueue('Root')::WorkerFunc - thread 139f8 starting.
17:18:48: DefaultWorkQueue('Root')::WorkerFunc - thread 150fc starting.
17:18:48: Particle Renderer Type 'billboard' registered
17:18:48: SceneManagerFactory for type 'PCZSceneManager' registered.
17:18:48: MovableObjectFactory for type 'PCZLight' registered.
17:18:48: MovableObjectFactory for type 'Portal' registered.
17:18:48: MovableObjectFactory for type 'AntiPortal' registered.
17:18:48: PCZone Factory Type 'ZoneType_Octree' registered
17:18:48: SceneManagerFactory for type 'OctreeSceneManager' registered.
17:18:48: OverlayElementFactory for type Panel registered.
17:18:48: OverlayElementFactory for type BorderPanel registered.
17:18:48: OverlayElementFactory for type TextArea registered.
17:18:48: Registering ResourceManager for type Font
17:18:48: Parsing scripts for resource group Autodetect
17:18:48: Finished parsing scripts for resource group Autodetect
17:18:48: Creating resources for group Autodetect
17:18:48: All done
17:18:48: Parsing scripts for resource group General
17:18:48: Parsing script CoinMat.material
17:18:48: Parsing script myspherematerial.material
17:18:48: Parsing script PaddleMaterial.material
17:18:48: Parsing script SolidColor.material
17:18:48: Parsing script bluehigh.fontdef
17:18:48: Parsing script Example.overlay
17:18:49: Finished parsing scripts for resource group General
17:18:49: Creating resources for group General
17:18:49: All done
17:18:49: Parsing scripts for resource group Internal
17:18:49: Finished parsing scripts for resource group Internal
17:18:49: Creating resources for group Internal
17:18:49: All done
17:18:49: Mesh: Loading Sphere.mesh.
17:18:49: WARNING: Sphere.mesh is an older format ([MeshSerializer_v1.41]); you should upgrade it as soon as possible using the OgreMeshUpgrade tool.
17:18:49: Texture: ball.png: Loading 1 faces(PF_A8R8G8B8,1024x1024x1) Internal format is PF_A8R8G8B8,1024x1024x1.
17:18:49: Mesh: Loading PaddleModel.mesh.
17:18:50: WARNING: PaddleModel.mesh is an older format ([MeshSerializer_v1.41]); you should upgrade it as soon as possible using the OgreMeshUpgrade tool.
17:18:50: Texture: paddleg.png: Loading 1 faces(PF_A8R8G8B8,1024x1024x1) Internal format is PF_A8R8G8B8,1024x1024x1.
17:18:50: Font BlueHighwayBig using texture size 1024x1024
17:18:50: Info: Freetype returned null for character 127 in font BlueHighwayBig
17:18:50: Info: Freetype returned null for character 128 in font BlueHighwayBig
17:18:50: Info: Freetype returned null for character 129 in font BlueHighwayBig
17:18:50: Info: Freetype returned null for character 130 in font BlueHighwayBig
17:18:50: Info: Freetype returned null for character 131 in font BlueHighwayBig
17:18:50: Info: Freetype returned null for character 132 in font BlueHighwayBig
17:18:50: Info: Freetype returned null for character 133 in font BlueHighwayBig
17:18:50: Info: Freetype returned null for character 134 in font BlueHighwayBig
17:18:50: Info: Freetype returned null for character 135 in font BlueHighwayBig
17:18:50: Info: Freetype returned null for character 136 in font BlueHighwayBig
17:18:50: Info: Freetype returned null for character 137 in font BlueHighwayBig
17:18:50: Info: Freetype returned null for character 138 in font BlueHighwayBig
17:18:50: Info: Freetype returned null for character 139 in font BlueHighwayBig
17:18:50: Info: Freetype returned null for character 140 in font BlueHighwayBig
17:18:50: Info: Freetype returned null for character 141 in font BlueHighwayBig
17:18:50: Info: Freetype returned null for character 142 in font BlueHighwayBig
17:18:50: Info: Freetype returned null for character 143 in font BlueHighwayBig
17:18:50: Info: Freetype returned null for character 144 in font BlueHighwayBig
17:18:50: Info: Freetype returned null for character 145 in font BlueHighwayBig
17:18:50: Info: Freetype returned null for character 146 in font BlueHighwayBig
17:18:50: Info: Freetype returned null for character 147 in font BlueHighwayBig
17:18:50: Info: Freetype returned null for character 148 in font BlueHighwayBig
17:18:50: Info: Freetype returned null for character 149 in font BlueHighwayBig
17:18:50: Info: Freetype returned null for character 150 in font BlueHighwayBig
17:18:50: Info: Freetype returned null for character 151 in font BlueHighwayBig
17:18:50: Info: Freetype returned null for character 152 in font BlueHighwayBig
17:18:50: Info: Freetype returned null for character 153 in font BlueHighwayBig
17:18:50: Info: Freetype returned null for character 154 in font BlueHighwayBig
17:18:50: Info: Freetype returned null for character 155 in font BlueHighwayBig
17:18:50: Info: Freetype returned null for character 156 in font BlueHighwayBig
17:18:50: Info: Freetype returned null for character 157 in font BlueHighwayBig
17:18:50: Info: Freetype returned null for character 158 in font BlueHighwayBig
17:18:50: Info: Freetype returned null for character 159 in font BlueHighwayBig
17:18:50: Info: Freetype returned null for character 160 in font BlueHighwayBig
17:18:50: Texture: BlueHighwayBigTexture: Loading 1 faces(PF_BYTE_LA,1024x1024x1) with 0 generated mipmaps from Image. Internal format is PF_BYTE_LA,1024x1024x1.
17:18:50: Font BlueHighway8 using texture size 256x128
17:18:50: Info: Freetype returned null for character 96 in font BlueHighway8
17:18:50: Info: Freetype returned null for character 127 in font BlueHighway8
17:18:50: Info: Freetype returned null for character 128 in font BlueHighway8
17:18:50: Info: Freetype returned null for character 129 in font BlueHighway8
17:18:50: Info: Freetype returned null for character 130 in font BlueHighway8
17:18:50: Info: Freetype returned null for character 131 in font BlueHighway8
17:18:50: Info: Freetype returned null for character 132 in font BlueHighway8
17:18:50: Info: Freetype returned null for character 133 in font BlueHighway8
17:18:50: Info: Freetype returned null for character 134 in font BlueHighway8
17:18:50: Info: Freetype returned null for character 135 in font BlueHighway8
17:18:50: Info: Freetype returned null for character 136 in font BlueHighway8
17:18:50: Info: Freetype returned null for character 137 in font BlueHighway8
17:18:50: Info: Freetype returned null for character 138 in font BlueHighway8
17:18:50: Info: Freetype returned null for character 139 in font BlueHighway8
17:18:50: Info: Freetype returned null for character 140 in font BlueHighway8
17:18:50: Info: Freetype returned null for character 141 in font BlueHighway8
17:18:50: Info: Freetype returned null for character 142 in font BlueHighway8
17:18:50: Info: Freetype returned null for character 143 in font BlueHighway8
17:18:50: Info: Freetype returned null for character 144 in font BlueHighway8
17:18:50: Info: Freetype returned null for character 145 in font BlueHighway8
17:18:50: Info: Freetype returned null for character 146 in font BlueHighway8
17:18:50: Info: Freetype returned null for character 147 in font BlueHighway8
17:18:50: Info: Freetype returned null for character 148 in font BlueHighway8
17:18:50: Info: Freetype returned null for character 149 in font BlueHighway8
17:18:50: Info: Freetype returned null for character 150 in font BlueHighway8
17:18:50: Info: Freetype returned null for character 151 in font BlueHighway8
17:18:50: Info: Freetype returned null for character 152 in font BlueHighway8
17:18:50: Info: Freetype returned null for character 153 in font BlueHighway8
17:18:50: Info: Freetype returned null for character 154 in font BlueHighway8
17:18:50: Info: Freetype returned null for character 155 in font BlueHighway8
17:18:50: Info: Freetype returned null for character 156 in font BlueHighway8
17:18:50: Info: Freetype returned null for character 157 in font BlueHighway8
17:18:50: Info: Freetype returned null for character 158 in font BlueHighway8
17:18:50: Info: Freetype returned null for character 159 in font BlueHighway8
17:18:50: Info: Freetype returned null for character 160 in font BlueHighway8
17:18:50: Texture: BlueHighway8Texture: Loading 1 faces(PF_BYTE_LA,256x128x1) with 0 generated mipmaps from Image. Internal format is PF_BYTE_LA,256x128x1.
17:20:27: DefaultWorkQueue('Root') shutting down on thread 17b84.
17:20:27: DefaultWorkQueue('Root')::WorkerFunc - thread 150fc stopped.
17:20:27: DefaultWorkQueue('Root')::WorkerFunc - thread ca10 stopped.
17:20:27: DefaultWorkQueue('Root')::WorkerFunc - thread 12f4c stopped.
17:20:27: DefaultWorkQueue('Root')::WorkerFunc - thread 17d2c stopped.
17:20:27: DefaultWorkQueue('Root')::WorkerFunc - thread 111e0 stopped.
17:20:27: DefaultWorkQueue('Root')::WorkerFunc - thread 17fb8 stopped.
17:20:27: DefaultWorkQueue('Root')::WorkerFunc - thread 143fc stopped.
17:20:27: DefaultWorkQueue('Root')::WorkerFunc - thread 139f8 stopped.
17:20:27: PCZone Factory Type 'ZoneType_Octree' unregistered
17:20:27: *-*-* OGRE Shutdown
17:20:27: Unregistering ResourceManager for type Compositor
17:20:27: Unregistering ResourceManager for type Skeleton
17:20:27: Unregistering ResourceManager for type Mesh
17:20:27: Unregistering ResourceManager for type HighLevelGpuProgram
17:20:27: Uninstalling plugin: Octree Scene Manager
17:20:27: Plugin successfully uninstalled
17:20:27: Unloading library .\Plugin_OctreeSceneManager_d
17:20:27: Uninstalling plugin: Octree Zone Factory
17:20:27: Plugin successfully uninstalled
17:20:27: Unloading library .\Plugin_OctreeZone_d
17:20:27: Uninstalling plugin: Portal Connected Zone Scene Manager
17:20:27: Plugin successfully uninstalled
17:20:27: Unloading library .\Plugin_PCZSceneManager_d
17:20:27: Uninstalling plugin: GL RenderSystem
17:20:27: *** Stopping Win32GL Subsystem ***
17:20:27: Plugin successfully uninstalled
17:20:27: Unloading library .\RenderSystem_GL_d
17:20:27: Uninstalling plugin: D3D9 RenderSystem
17:20:27: D3D9 device: 0x[047E7000] destroy. Releasing D3D9 texture: BlueHighwayBigTexture
17:20:27: Released D3D9 texture: BlueHighwayBigTexture
17:20:27: D3D9 : Shutting down cleanly.
17:20:27: Unregistering ResourceManager for type Texture
17:20:27: Unregistering ResourceManager for type GpuProgram
17:20:27: D3D9 : Direct3D9 Rendering Subsystem destroyed.
17:20:27: Plugin successfully uninstalled
17:20:27: Unloading library .\RenderSystem_Direct3D9_d
17:20:27: Unregistering ResourceManager for type Material
